<?xml version="1.0" encoding="UTF-8"?>
<testng-results ignored="0" total="1" passed="1" failed="0" skipped="0">
  <reporter-output>
  </reporter-output>
  <suite started-at="2024-03-19T15:07:07 EDT" name="Suite" finished-at="2024-03-19T15:07:11 EDT" duration-ms="3100">
    <groups>
      <group name="regression">
        <method signature="TC_004_SearchProductTest.verify_productSearch()[pri:0, instance:testCases.TC_004_SearchProductTest@5fbdfdcf]" name="verify_productSearch" class="testCases.TC_004_SearchProductTest"/>
      </group> <!-- regression -->
      <group name="master">
        <method signature="TC_004_SearchProductTest.verify_productSearch()[pri:0, instance:testCases.TC_004_SearchProductTest@5fbdfdcf]" name="verify_productSearch" class="testCases.TC_004_SearchProductTest"/>
      </group> <!-- master -->
    </groups>
    <test started-at="2024-03-19T15:07:07 EDT" name="ChromeTest" finished-at="2024-03-19T15:07:11 EDT" duration-ms="3100">
      <class name="testCases.TC_004_SearchProductTest">
        <test-method is-config="true" signature="setup(java.lang.String,java.lang.String)[pri:0, instance:testCases.TC_004_SearchProductTest@5fbdfdcf]" started-at="2024-03-19T15:07:08 EDT" name="setup" finished-at="2024-03-19T15:07:10 EDT" duration-ms="2624" status="PASS">
          <params>
            <param index="0">
              <value>
                <![CDATA[Mac]]>
              </value>
            </param>
            <param index="1">
              <value>
                <![CDATA[chrome]]>
              </value>
            </param>
          </params>
          <reporter-output>
          </reporter-output>
        </test-method> <!-- setup -->
        <test-method signature="verify_productSearch()[pri:0, instance:testCases.TC_004_SearchProductTest@5fbdfdcf]" started-at="2024-03-19T15:07:10 EDT" name="verify_productSearch" finished-at="2024-03-19T15:07:10 EDT" duration-ms="282" status="PASS">
          <reporter-output>
          </reporter-output>
        </test-method> <!-- verify_productSearch -->
        <test-method is-config="true" signature="tearDown()[pri:0, instance:testCases.TC_004_SearchProductTest@5fbdfdcf]" started-at="2024-03-19T15:07:10 EDT" name="tearDown" finished-at="2024-03-19T15:07:11 EDT" duration-ms="89" status="PASS">
          <reporter-output>
          </reporter-output>
        </test-method> <!-- tearDown -->
      </class> <!-- testCases.TC_004_SearchProductTest -->
    </test> <!-- ChromeTest -->
  </suite> <!-- Suite -->
</testng-results>
